{
  level: 'error',
  message: 'Error happens here not user',
  stack: 'Error: not user\n' +
    '    at /Users/salmanahmedg/Documents/Tuto/newtownJuneBatch/react-assignment-august-batch/Nodejs/13-05-23-logger-template-engine/logger/app.js:13:15\n' +
    '    at Layer.handle [as handle_request] (/Users/salmanahmedg/Documents/Tuto/newtownJuneBatch/react-assignment-august-batch/Nodejs/13-05-23-logger-template-engine/logger/node_modules/express/lib/router/layer.js:95:5)\n' +
    '    at next (/Users/salmanahmedg/Documents/Tuto/newtownJuneBatch/react-assignment-august-batch/Nodejs/13-05-23-logger-template-engine/logger/node_modules/express/lib/router/route.js:144:13)\n' +
    '    at Route.dispatch (/Users/salmanahmedg/Documents/Tuto/newtownJuneBatch/react-assignment-august-batch/Nodejs/13-05-23-logger-template-engine/logger/node_modules/express/lib/router/route.js:114:3)\n' +
    '    at Layer.handle [as handle_request] (/Users/salmanahmedg/Documents/Tuto/newtownJuneBatch/react-assignment-august-batch/Nodejs/13-05-23-logger-template-engine/logger/node_modules/express/lib/router/layer.js:95:5)\n' +
    '    at /Users/salmanahmedg/Documents/Tuto/newtownJuneBatch/react-assignment-august-batch/Nodejs/13-05-23-logger-template-engine/logger/node_modules/express/lib/router/index.js:284:15\n' +
    '    at Function.process_params (/Users/salmanahmedg/Documents/Tuto/newtownJuneBatch/react-assignment-august-batch/Nodejs/13-05-23-logger-template-engine/logger/node_modules/express/lib/router/index.js:346:12)\n' +
    '    at next (/Users/salmanahmedg/Documents/Tuto/newtownJuneBatch/react-assignment-august-batch/Nodejs/13-05-23-logger-template-engine/logger/node_modules/express/lib/router/index.js:280:10)\n' +
    '    at expressInit (/Users/salmanahmedg/Documents/Tuto/newtownJuneBatch/react-assignment-august-batch/Nodejs/13-05-23-logger-template-engine/logger/node_modules/express/lib/middleware/init.js:40:5)\n' +
    '    at Layer.handle [as handle_request] (/Users/salmanahmedg/Documents/Tuto/newtownJuneBatch/react-assignment-august-batch/Nodejs/13-05-23-logger-template-engine/logger/node_modules/express/lib/router/layer.js:95:5)',
  timestamp: 'May-13-2023 13:09:00'
}
{
  level: 'error',
  message: 'Error happens here not user',
  stack: 'Error: not user\n' +
    '    at /Users/salmanahmedg/Documents/Tuto/newtownJuneBatch/react-assignment-august-batch/Nodejs/13-05-23-logger-template-engine/logger/app.js:13:15\n' +
    '    at Layer.handle [as handle_request] (/Users/salmanahmedg/Documents/Tuto/newtownJuneBatch/react-assignment-august-batch/Nodejs/13-05-23-logger-template-engine/logger/node_modules/express/lib/router/layer.js:95:5)\n' +
    '    at next (/Users/salmanahmedg/Documents/Tuto/newtownJuneBatch/react-assignment-august-batch/Nodejs/13-05-23-logger-template-engine/logger/node_modules/express/lib/router/route.js:144:13)\n' +
    '    at Route.dispatch (/Users/salmanahmedg/Documents/Tuto/newtownJuneBatch/react-assignment-august-batch/Nodejs/13-05-23-logger-template-engine/logger/node_modules/express/lib/router/route.js:114:3)\n' +
    '    at Layer.handle [as handle_request] (/Users/salmanahmedg/Documents/Tuto/newtownJuneBatch/react-assignment-august-batch/Nodejs/13-05-23-logger-template-engine/logger/node_modules/express/lib/router/layer.js:95:5)\n' +
    '    at /Users/salmanahmedg/Documents/Tuto/newtownJuneBatch/react-assignment-august-batch/Nodejs/13-05-23-logger-template-engine/logger/node_modules/express/lib/router/index.js:284:15\n' +
    '    at Function.process_params (/Users/salmanahmedg/Documents/Tuto/newtownJuneBatch/react-assignment-august-batch/Nodejs/13-05-23-logger-template-engine/logger/node_modules/express/lib/router/index.js:346:12)\n' +
    '    at next (/Users/salmanahmedg/Documents/Tuto/newtownJuneBatch/react-assignment-august-batch/Nodejs/13-05-23-logger-template-engine/logger/node_modules/express/lib/router/index.js:280:10)\n' +
    '    at expressInit (/Users/salmanahmedg/Documents/Tuto/newtownJuneBatch/react-assignment-august-batch/Nodejs/13-05-23-logger-template-engine/logger/node_modules/express/lib/middleware/init.js:40:5)\n' +
    '    at Layer.handle [as handle_request] (/Users/salmanahmedg/Documents/Tuto/newtownJuneBatch/react-assignment-august-batch/Nodejs/13-05-23-logger-template-engine/logger/node_modules/express/lib/router/layer.js:95:5)',
  timestamp: 'May-13-2023 13:10:32'
}
